
F0 42 30 00 01 08 40 00 67 06 28 11 34 32 32 00 64 3C 50 11 09 00 14 00 04 01 00 73 00 00 00 00 00 00 00 F7
F0 42 30 00 01 08 40 00 67 06 28 11 34 31 32 00 64 3C 50 11 09 00 14 00 04 01 00 73 00 01 00 00 00 64 00 F7
F0 42 30 00 01 08 40 00 67 06 28 11 39 31 32 00 64 3C 50 11 09 00 14 00 04 01 00 73 00 08 00 00 00 64 00 F7
F0 42 30 00 01 08 40 00 67 06 28 11 39 31 32 00 64 3C 50 11 09 01 17 00 04 01 00 73 00 10 00 00 00 64 00 F7
F0 42 30 00 01 08 40 00 7F 06 28 11 39 31 32 00 64 3C 50 11 09 01 17 08 0A 64 32 10 01 0C 00 00 00 64 00 F7
F0 42 30 00 01 08 40 00 7F 06 36 11 39 31 32 00 64 3C 50 11 09 01 17 08 0A 64 32 10 01 04 00 00 00 64 00 F7
F0 42 30 00 01 08 40 00 7F 06 36 11 39 31 32 00 64 3C 50 11 09 01 17 08 0A 64 5C 10 01 0D 00 00 00 64 00 F7
F0 42 30 00 01 08 40 00 6F 06 36 11 39 31 32 00 64 3C 50 11 09 01 17 08 00 50 00 50 07 0C 00 00 00 64 00 F7
F0 42 30 00 01 08 40 00 6F 06 36 11 39 31 32 00 64 3C 50 11 09 01 17 00 00 50 00 4C 02 0E 10 00 27 64 00 F7
F0 42 30 00 01 08 40 00 6F 06 36 11 39 31 32 00 64 3C 50 11 09 01 17 00 00 50 00 4C 02 0E 10 00 27 64 00 F7
F0 42 30 00 01 08 40 00 6F 05 39 11 39 31 32 00 64 3C 50 11 09 01 17 00 00 50 00 4C 02 04 00 00 00 64 00 F7
F0 42 30 00 01 08 40 00 6F 02 32 11 39 31 32 00 64 3C 50 11 09 01 17 00 00 50 00 4C 02 04 00 00 00 64 00 F7
F0 42 30 00 01 08 40 00 6F 02 32 11 39 31 32 00 64 3C 50 11 09 01 17 00 00 50 00 4C 02 04 00 00 00 64 00 F7
F0 42 30 00 01 08 40 00 6F 06 38 11 39 31 32 00 64 3C 50 11 09 01 17 00 00 50 00 4C 02 04 00 00 00 64 00 F7
F0 42 30 00 01 08 40 00 6F 06 38 11 39 31 32 00 64 3C 50 11 09 01 17 00 00 50 00 4C 02 04 00 00 00 64 00 F7
F0 42 30 00 01 08 40 00 6F 06 64 11 39 31 32 00 64 3C 50 11 09 01 17 00 00 50 00 4C 02 04 00 00 00 64 00 F7
F0 42 30 00 01 08 40 00 6F 06 00 11 39 31 32 00 64 3C 50 11 09 01 17 00 00 50 00 4C 02 04 00 00 00 64 00 F7
F0 42 30 00 01 08 40 00 6F 06 64 11 39 31 32 00 64 3C 50 11 09 01 17 00 00 50 00 4C 02 04 00 00 00 64 00 F7
F0 42 30 00 01 08 40 00 6F 06 00 11 39 31 32 00 64 3C 50 11 09 01 17 00 00 50 00 4C 02 04 00 00 00 64 00 F7
F0 42 30 00 01 08 40 00 6F 06 64 11 39 31 32 00 64 3C 50 11 09 01 17 00 00 50 00 4C 02 04 00 00 00 64 00 F7
F0 42 30 00 01 08 40 00 6F 06 00 11 39 31 32 00 64 3C 50 11 09 01 17 00 00 50 00 4C 02 04 00 00 00 64 00 F7
F0 42 30 00 01 08 40 00 6F 06 00 11 39 31 36 00 2A 3C 50 11 09 01 17 00 00 50 00 78 00 0E 10 00 27 64 00 F7
F0 42 30 00 01 08 4E 00 04 F7
F0 42 30 00 01 08 4E 00 03 F7