
F0 42 30 00 01 08 40 00 67 06 28 00 32 32 32 00 32 32 32 19 05 00 14 00 04 64 00 73 00 0C 00 00 00 64 00 F7
F0 42 30 00 01 08 40 00 67 06 28 0B 32 32 32 00 32 32 32 19 05 00 14 00 04 64 00 73 00 0C 00 00 00 64 00 F7
F0 42 30 00 01 08 40 00 67 06 28 16 32 32 32 00 32 32 32 19 05 00 14 00 04 64 00 73 00 0C 00 00 00 64 00 F7
F0 42 30 00 01 08 40 00 67 06 28 01 32 32 32 00 32 32 32 19 05 00 14 00 04 64 00 73 00 0C 00 00 00 64 00 F7
F0 42 30 00 01 08 40 00 67 06 28 0C 32 32 32 00 32 32 32 19 05 00 14 00 04 64 00 73 00 0C 00 00 00 64 00 F7
F0 42 30 00 01 08 40 00 67 06 28 17 32 32 32 00 32 32 32 19 05 00 14 00 04 64 00 73 00 0C 00 00 00 64 00 F7
F0 42 30 00 01 08 40 00 67 06 28 02 32 32 32 00 32 32 32 19 05 00 14 00 04 64 00 73 00 0C 00 00 00 64 00 F7
F0 42 30 00 01 08 40 00 67 06 28 0D 32 32 32 00 32 32 32 19 05 00 14 00 04 64 00 73 00 0C 00 00 00 64 00 F7
F0 42 30 00 01 08 40 00 67 06 28 18 32 32 32 00 32 32 32 19 05 00 14 00 04 64 00 73 00 0C 00 00 00 64 00 F7
F0 42 30 00 01 08 40 00 67 06 28 03 32 32 32 00 32 32 32 19 05 00 14 00 04 64 00 73 00 0C 00 00 00 64 00 F7
F0 42 30 00 01 08 40 00 67 06 28 0E 32 32 32 00 32 32 32 19 05 00 14 00 04 64 00 73 00 0C 00 00 00 64 00 F7
F0 42 30 00 01 08 40 00 67 06 28 19 32 32 32 00 32 32 32 19 05 00 14 00 04 64 00 73 00 0C 00 00 00 64 00 F7
F0 42 30 00 01 08 40 00 67 06 28 04 32 32 32 00 32 32 32 19 05 00 14 00 04 64 00 73 00 0C 00 00 00 64 00 F7
F0 42 30 00 01 08 40 00 67 06 28 0F 32 32 32 00 32 32 32 19 05 00 14 00 04 64 00 73 00 0C 00 00 00 64 00 F7
F0 42 30 00 01 08 40 00 67 06 28 1A 32 32 32 00 32 32 32 19 05 00 14 00 04 64 00 73 00 0C 00 00 00 64 00 F7
F0 42 30 00 01 08 40 00 67 06 28 05 32 32 32 00 32 32 32 19 05 00 14 00 04 64 00 73 00 0C 00 00 00 64 00 F7
F0 42 30 00 01 08 40 00 67 06 28 10 32 32 32 00 32 32 32 19 05 00 14 00 04 64 00 73 00 0C 00 00 00 64 00 F7
F0 42 30 00 01 08 40 00 67 06 28 1B 32 32 32 00 32 32 32 19 05 00 14 00 04 64 00 73 00 0C 00 00 00 64 00 F7
F0 42 30 00 01 08 40 00 67 06 28 06 32 32 32 00 32 32 32 19 05 00 14 00 04 64 00 73 00 0C 00 00 00 64 00 F7
F0 42 30 00 01 08 40 00 67 06 28 11 32 32 32 00 32 32 32 19 05 00 14 00 04 64 00 73 00 0C 00 00 00 64 00 F7
F0 42 30 00 01 08 40 00 67 06 28 1C 32 32 32 00 32 32 32 19 05 00 14 00 04 64 00 73 00 0C 00 00 00 64 00 F7
F0 42 30 00 01 08 40 00 67 06 28 07 32 32 32 00 32 32 32 19 05 00 14 00 04 64 00 73 00 0C 00 00 00 64 00 F7
F0 42 30 00 01 08 40 00 67 06 28 12 32 32 32 00 32 32 32 19 05 00 14 00 04 64 00 73 00 0C 00 00 00 64 00 F7
F0 42 30 00 01 08 40 00 67 06 28 1D 32 32 32 00 32 32 32 19 05 00 14 00 04 64 00 73 00 0C 00 00 00 64 00 F7
F0 42 30 00 01 08 40 00 67 06 28 08 32 32 32 00 32 32 32 19 05 00 14 00 04 64 00 73 00 0C 00 00 00 64 00 F7
F0 42 30 00 01 08 40 00 67 06 28 13 32 32 32 00 32 32 32 19 05 00 14 00 04 64 00 73 00 0C 00 00 00 64 00 F7
F0 42 30 00 01 08 40 00 67 06 28 1E 32 32 32 00 32 32 32 19 05 00 14 00 04 64 00 73 00 0C 00 00 00 64 00 F7
F0 42 30 00 01 08 40 00 67 06 28 09 32 32 32 00 32 32 32 19 05 00 14 00 04 64 00 73 00 0C 00 00 00 64 00 F7
F0 42 30 00 01 08 40 00 67 06 28 14 32 32 32 00 32 32 32 19 05 00 14 00 04 64 00 73 00 0C 00 00 00 64 00 F7
F0 42 30 00 01 08 40 00 67 06 28 1F 32 32 32 00 32 32 32 19 05 00 14 00 04 64 00 73 00 0C 00 00 00 64 00 F7
F0 42 30 00 01 08 40 00 67 06 28 0A 32 32 32 00 32 32 32 19 05 00 14 00 04 64 00 73 00 0C 00 00 00 64 00 F7
F0 42 30 00 01 08 40 00 67 06 28 15 32 32 32 00 32 32 32 19 05 00 14 00 04 64 00 73 00 0C 00 00 00 64 00 F7
F0 42 30 00 01 08 40 00 67 06 28 20 32 32 32 00 32 32 32 19 05 00 14 00 04 64 00 73 00 0C 00 00 00 64 00 F7